<?xml version="1.0" encoding="UTF-8"?>
<!-- Generated by org.testng.reporters.JUnitReportReporter -->
<testsuite hostname="mohal" failures="0" tests="1" name="makemytrip.TestCases.TC_001_Login" time="0.023" errors="0" timestamp="2023-10-08T17:06:46 IST" skipped="0">
  <testcase classname="makemytrip.TestCases.TC_001_Login" name="logintest" time="0.023"/>
  <system-out/>
</testsuite> <!-- makemytrip.TestCases.TC_001_Login -->
